[2024-06-14 11:32:1718379169]
[Error Number] 1054
[Error Msg] Unknown column 'documentid' in 'where clause'
[SQL] SELECT SQL_CALC_FOUND_ROWS * FROM documentmeta WHERE documentid=%s
------------------------------------------------------------------------------------------------------------------------
[2024-06-14 11:33:1718379187]
[Error Number] 1054
[Error Msg] Unknown column 'documentid' in 'where clause'
[SQL] SELECT SQL_CALC_FOUND_ROWS * FROM documentmeta WHERE documentid=%s
------------------------------------------------------------------------------------------------------------------------
[2024-06-14 11:34:1718379257]
[Error Number] 1054
[Error Msg] Unknown column 'documentid' in 'where clause'
[SQL] SELECT SQL_CALC_FOUND_ROWS * FROM documentmeta WHERE documentid=%s
------------------------------------------------------------------------------------------------------------------------
[2024-06-14 11:35:1718379346]
[Error Number] 1054
[Error Msg] Unknown column 'documentid' in 'where clause'
[SQL] SELECT SQL_CALC_FOUND_ROWS * FROM documentmeta WHERE documentid=%s
------------------------------------------------------------------------------------------------------------------------
